<?xml version="1.0" encoding="UTF-8"?>
<testsuite xmlns:xsi="http://www.w3.org/2001/XMLSchema-instance" xsi:noNamespaceSchemaLocation="https://maven.apache.org/surefire/maven-surefire-plugin/xsd/surefire-test-report-3.0.xsd" version="3.0" name="crud.TestRunner" time="2.147" tests="1" errors="1" skipped="0" failures="0">
  <properties>
[...]
</properties>
  <testcase name="testParallel" classname="crud.TestRunner" time="2.123">
    <error type="java.lang.NoClassDefFoundError"><![CDATA[java.lang.NoClassDefFoundError: com/fasterxml/jackson/databind/ser/std/ToStringSerializerBase
	at crud.TestRunner.testParallel(TestRunner.java:13)
Caused by: java.lang.ClassNotFoundException: com.fasterxml.jackson.databind.ser.std.ToStringSerializerBase
	at crud.TestRunner.testParallel(TestRunner.java:13)
]]></error>
    <system-out><![CDATA[13:21:26.955 [main] DEBUG com.intuit.karate.Suite - [config] classpath:karate-config.js
13:21:26.963 [main] INFO com.intuit.karate.Suite - backed up existing 'target\karate-reports' dir to: target\karate-reports_1686219686959
Karate version: 1.4.0.RC3
======================================================
elapsed:   0,78 | threads:    5 | thread time: 0,00 
features:     0 | skipped:    0 | efficiency: 0,00
scenarios:    0 | passed:     0 | failed: 0
======================================================
13:21:28.030 [main] DEBUG org.thymeleaf.TemplateEngine - [THYMELEAF] INITIALIZING TEMPLATE ENGINE
]]></system-out>
  </testcase>
</testsuite>